<?xml version="1.0" encoding="UTF-8"?>
<testng-results skipped="0" failed="0" total="2" passed="2">
  <reporter-output>
  </reporter-output>
  <suite name="SuiteTestEmail" duration-ms="51453" started-at="2016-04-24T21:58:08Z" finished-at="2016-04-24T21:58:59Z">
    <groups>
    </groups>
    <test name="TestEmailByChrome" duration-ms="25266" started-at="2016-04-24T21:58:08Z" finished-at="2016-04-24T21:58:33Z">
      <class name="petrushchak.maven.email.test.EmailTest">
        <test-method status="PASS" signature="beforeTest(java.lang.String)[pri:0, instance:petrushchak.maven.email.test.EmailTest@a0ee03]" name="beforeTest" is-config="true" duration-ms="17906" started-at="2016-04-25T00:58:08Z" finished-at="2016-04-25T00:58:26Z">
          <params>
            <param index="0">
              <value>
                <![CDATA[chrome]]>
              </value>
            </param>
          </params>
          <reporter-output>
          </reporter-output>
        </test-method> <!-- beforeTest -->
        <test-method status="PASS" signature="incomingEmailFFoxTest()[pri:0, instance:petrushchak.maven.email.test.EmailTest@a0ee03]" name="incomingEmailFFoxTest" duration-ms="6016" started-at="2016-04-25T00:58:26Z" finished-at="2016-04-25T00:58:32Z">
          <reporter-output>
          </reporter-output>
        </test-method> <!-- incomingEmailFFoxTest -->
        <test-method status="PASS" signature="afterTest()[pri:0, instance:petrushchak.maven.email.test.EmailTest@a0ee03]" name="afterTest" is-config="true" duration-ms="1313" started-at="2016-04-25T00:58:32Z" finished-at="2016-04-25T00:58:33Z">
          <reporter-output>
          </reporter-output>
        </test-method> <!-- afterTest -->
      </class> <!-- petrushchak.maven.email.test.EmailTest -->
    </test> <!-- TestEmailByChrome -->
    <test name="TestEmailByFireFox" duration-ms="26156" started-at="2016-04-24T21:58:33Z" finished-at="2016-04-24T21:58:59Z">
      <class name="petrushchak.maven.email.test.EmailTest">
        <test-method status="PASS" signature="beforeTest(java.lang.String)[pri:0, instance:petrushchak.maven.email.test.EmailTest@1509f8b]" name="beforeTest" is-config="true" duration-ms="18250" started-at="2016-04-25T00:58:33Z" finished-at="2016-04-25T00:58:51Z">
          <params>
            <param index="0">
              <value>
                <![CDATA[firefox]]>
              </value>
            </param>
          </params>
          <reporter-output>
          </reporter-output>
        </test-method> <!-- beforeTest -->
        <test-method status="PASS" signature="incomingEmailFFoxTest()[pri:0, instance:petrushchak.maven.email.test.EmailTest@1509f8b]" name="incomingEmailFFoxTest" duration-ms="7437" started-at="2016-04-25T00:58:51Z" finished-at="2016-04-25T00:58:59Z">
          <reporter-output>
          </reporter-output>
        </test-method> <!-- incomingEmailFFoxTest -->
        <test-method status="PASS" signature="afterTest()[pri:0, instance:petrushchak.maven.email.test.EmailTest@1509f8b]" name="afterTest" is-config="true" duration-ms="469" started-at="2016-04-25T00:58:59Z" finished-at="2016-04-25T00:58:59Z">
          <reporter-output>
          </reporter-output>
        </test-method> <!-- afterTest -->
      </class> <!-- petrushchak.maven.email.test.EmailTest -->
    </test> <!-- TestEmailByFireFox -->
  </suite> <!-- SuiteTestEmail -->
</testng-results>
